  Boitata.cpp
  Cacador.cpp
  Chao.cpp
  Ente.cpp
  Entidade.cpp
  Fase.cpp
C:\Users\diogo\source\repos\jogo-simao\Fase.cpp(40,37): warning C4101: 'e': variável local não referenciada
  FasePrimeira.cpp
  FaseSegunda.cpp
  Fireball.cpp
  Formigueiro.cpp
C:\Users\diogo\source\repos\jogo-simao\Formigueiro.cpp(32,38): warning C4244: 'argumento': conversão de 'double' para 'const float', possível perda de dados
  GerenciadorColisoes.cpp
  GerenciadorGrafico.cpp
C:\Users\diogo\source\repos\jogo-simao\GerenciadorGrafico.cpp(19,20): warning C4244: 'inicializando': conversão de 'double' para 'float', possível perda de dados
  Inimigo.cpp
  Jogador.cpp
  Jogo.cpp
C:\Users\diogo\source\repos\jogo-simao\Jogo.cpp(75,25): warning C4244: 'argumento': conversão de 'time_t' para 'unsigned int', possível perda de dados
  ListaEntidades.cpp
  Macaco.cpp
C:\Users\diogo\source\repos\jogo-simao\Macaco.cpp(12,14): warning C4244: 'argumento': conversão de 'int' para 'const float', possível perda de dados
C:\Users\diogo\source\repos\jogo-simao\Macaco.cpp(23,14): warning C4244: 'argumento': conversão de 'int' para 'const float', possível perda de dados
  Menu.cpp
  MenuRanking.cpp
  MenuSelecao.cpp
  Gerando Código...
  Compilando...
  Obstaculo.cpp
  Personagem.cpp
  Plataforma.cpp
  Tronco.cpp
  main.cpp
  Gerando Código...
  jogo-simao.vcxproj -> C:\Users\diogo\source\repos\jogo-simao\x64\Debug\jogo-simao.exe
