  Boitata.cpp
  Cacador.cpp
  Fase.cpp
  FasePrimeira.cpp
  FaseSegunda.cpp
  Fireball.cpp
C:\Users\diogo\source\repos\jogo-simao\Fireball.cpp(11,13): warning C4244: 'argumento': conversão de 'int' para 'float', possível perda de dados
C:\Users\diogo\source\repos\jogo-simao\Fireball.cpp(39,13): warning C4244: 'argumento': conversão de 'int' para 'float', possível perda de dados
  Formigueiro.cpp
C:\Users\diogo\source\repos\jogo-simao\Formigueiro.cpp(27,38): warning C4244: 'argumento': conversão de 'double' para 'float', possível perda de dados
  GerenciadorColisoes.cpp
C:\Users\diogo\source\repos\jogo-simao\GerenciadorColisoes.cpp(63,46): warning C4244: 'argumento': conversão de 'double' para 'float', possível perda de dados
C:\Users\diogo\source\repos\jogo-simao\GerenciadorColisoes.cpp(72,47): warning C4244: 'argumento': conversão de 'double' para 'float', possível perda de dados
  Inimigo.cpp
  Jogador.cpp
  Jogo.cpp
C:\Users\diogo\source\repos\jogo-simao\Jogo.cpp(25,25): warning C4244: 'argumento': conversão de 'time_t' para 'unsigned int', possível perda de dados
  Macaco.cpp
C:\Users\diogo\source\repos\jogo-simao\Macaco.cpp(12,14): warning C4244: 'argumento': conversão de 'int' para 'float', possível perda de dados
C:\Users\diogo\source\repos\jogo-simao\Macaco.cpp(23,14): warning C4244: 'argumento': conversão de 'int' para 'float', possível perda de dados
  Menu.cpp
  MenuSelecao.cpp
  Obstaculo.cpp
  Plataforma.cpp
  Tronco.cpp
  main.cpp
  Gerando código
  91 of 822 functions (11.1%) were compiled, the rest were copied from previous compilation.
    54 functions were new in current compilation
    35 functions had inline decision re-evaluated but remain unchanged
  Finalizada a geração de código
  jogo-simao.vcxproj -> C:\Users\diogo\source\repos\jogo-simao\x64\Release\jogo-simao.exe
